
=== Turn 1 resolved at 2026-03-21T22:42:15Z ===
  1st Legion held their position in reg_england_wales. Discipline held.
  The propaganda ministry recalibrated messaging for Bureau of Conspiracies. Trust bonus shifted from 2 to 5.
  reg_france_north — Bureau operatives embedded in local administration. Unrest down 4.
  Economy: +15 output, -8 consumption, +5 propaganda. Trust now 132.
  Unrest (22 avg) eroded belief by 2. Aggregate belief: 65.

=== Turn 2 resolved at 2026-03-28T12:00:00Z ===
  Hero Seraphine moved from reg_england_wales to reg_germany_north.
  reg_ukraine_west — Local faction declared neutrality. Bureau influence reduced by 8.
  reg_poland — Surveillance network expanded. Detection risk up 12%.
  [WORLD EVENT] Solar storm disrupted communications across reg_russia_northwest, reg_siberia_west. Two hero actions delayed.
  2nd Legion raised in reg_france_north. Army strength: +40.
  Economy: +12 output, -10 consumption. Trust now 124.
  Belief stabilised. Aggregate belief: 66.

=== Turn 3 resolved at 2026-04-04T12:00:00Z ===
  Hero Seraphine recruited sympathisers in reg_germany_north. Faction influence +6.
  reg_poland — Unrest spiked to 45 following grain shortage. Bureau response: +10 garrison.
  reg_ukraine_west — Resistance cell neutralised. Operative lost.
  reg_baltics — Bureau propaganda broadcast. Belief +3 in region.
  1st Legion redeployed from reg_england_wales to reg_france_north.
  Economy: +10 output, -12 consumption, -5 unrest relief fund. Trust now 117.
  Unrest (31 avg) eroded belief by 4. Aggregate belief: 62.

=== Turn 4 resolved at 2026-04-11T12:00:00Z ===
  [WORLD EVENT] Ceasefire collapsed in reg_ukraine_east. All factions on high alert.
  Hero Aldric dispatched to reg_ukraine_west to restore order.
  reg_poland — Garrison suppressed unrest. Unrest reduced from 45 to 28.
  reg_germany_north — Bureau sabotage of rival faction's printing press successful.
  reg_france_north — 1st Legion completed fortifications. Defence rating +15.
  Economy: +14 output, -9 consumption. Trust now 121.
  Unrest (26 avg) stabilised. Aggregate belief: 63.

=== Turn 5 resolved at 2026-04-18T12:00:00Z ===
  Hero Aldric negotiated ceasefire in reg_ukraine_west. Region pacified.
  reg_baltics — New sympathiser cell established. Belief +5.
  reg_norway — Bureau contact network activated. Intelligence bonus +8.
  reg_sweden — Supply line discovered by rival faction. Disruption: -6 output next turn.
  Hero Seraphine promoted to Field Commander. Loyalty +10.
  Economy: +13 output, -9 consumption. Trust now 125.
  Unrest (22 avg) holding. Aggregate belief: 65.

=== Turn 6 resolved at 2026-04-25T12:00:00Z ===
  reg_sweden — Supply disruption resolved. Output restored.
  reg_russia_northwest — Bureau cell went dark. Contact lost; status unknown.
  [WORLD EVENT] Mass protest in reg_germany_south. Unrest jumped to 62. Bureau propaganda deployed.
  reg_poland — Covert recruitment drive. 200 new Bureau sympathisers.
  1st Legion advanced from reg_france_north toward reg_germany_north.
  Economy: +11 output, -14 consumption (unrest fund). Trust now 118.
  Unrest (34 avg) rising. Aggregate belief: 60.
